2016-11-01 13:03:11,242 [Worker-20] INFO  o.e.m.c.i.p.ProjectConfigurationManager - Collecting project info '/pom.xml' /Users/guilhermemedeiros/Desenvolvimento/Projetos/git/HttpsAndJava/keystore/pom.xml
2016-11-01 13:03:12,733 [Worker-20] INFO  o.e.m.c.i.l.LifecycleMappingFactory - Using org.eclipse.m2e.jdt.JarLifecycleMapping lifecycle mapping for MavenProject: com.keystore:keystore:0.0.1-SNAPSHOT @ /Users/guilhermemedeiros/Desenvolvimento/Projetos/git/HttpsAndJava/keystore/pom.xml.
2016-11-01 13:03:13,524 [Worker-20] INFO  o.e.m.j.i.AbstractJavaProjectConfigurator - Adding source folder /keystore/src/main/java
2016-11-01 13:03:13,526 [Worker-20] INFO  o.e.m.j.i.AbstractJavaProjectConfigurator - Adding resource folder /keystore/src/main/resources
2016-11-01 13:03:13,527 [Worker-20] INFO  o.e.m.j.i.AbstractJavaProjectConfigurator - Adding source folder /keystore/src/test/java
2016-11-01 13:03:13,612 [Worker-20] INFO  o.e.m.c.i.p.ProjectConfigurationManager - Imported and configured 1 project(s) in 2 sec
2016-11-01 13:03:13,883 [Worker-20] WARN  o.e.m.c.i.embedder.EclipseLogger - Using platform encoding (UTF-8 actually) to copy filtered resources, i.e. build is platform dependent!
2016-11-01 13:03:13,896 [Worker-20] INFO  o.e.m.c.i.embedder.EclipseLogger - Copying 4 resources
2016-11-01 13:03:13,920 [Worker-20] WARN  o.e.m.c.i.embedder.EclipseLogger - Using platform encoding (UTF-8 actually) to copy filtered resources, i.e. build is platform dependent!
2016-11-01 13:03:13,922 [Worker-20] INFO  o.e.m.c.i.embedder.EclipseLogger - skip non existing resourceDirectory /Users/guilhermemedeiros/Desenvolvimento/Projetos/git/HttpsAndJava/keystore/src/test/resources
2016-11-02 11:40:55,976 [Worker-67] INFO  o.e.m.c.i.p.ProjectConfigurationManager - Collecting project info '/pom.xml' /Users/guilhermemedeiros/Desenvolvimento/Projetos/git/HttpsAndJava/keystore/pom.xml
2016-11-02 11:40:56,615 [Worker-67] INFO  o.e.m.c.i.l.LifecycleMappingFactory - Using org.eclipse.m2e.jdt.JarLifecycleMapping lifecycle mapping for MavenProject: com.keystore:keystore:0.0.1-SNAPSHOT @ /Users/guilhermemedeiros/Desenvolvimento/Projetos/git/HttpsAndJava/keystore/pom.xml.
2016-11-02 11:40:57,112 [Worker-67] INFO  o.e.m.j.i.AbstractJavaProjectConfigurator - Adding source folder /keystore/src/main/java
2016-11-02 11:40:57,119 [Worker-67] INFO  o.e.m.j.i.AbstractJavaProjectConfigurator - Adding source folder /keystore/src/test/java
2016-11-02 11:40:57,193 [Worker-67] INFO  o.e.m.c.i.p.ProjectConfigurationManager - Imported and configured 1 project(s) in 1 sec
2016-11-02 11:40:57,604 [Worker-64] INFO  o.e.m.c.i.embedder.EclipseLogger - Using 'UTF-8' encoding to copy filtered resources.
2016-11-02 11:40:57,605 [Worker-64] INFO  o.e.m.c.i.embedder.EclipseLogger - skip non existing resourceDirectory /Users/guilhermemedeiros/Desenvolvimento/Projetos/git/HttpsAndJava/keystore/src/main/resources
2016-11-02 11:40:57,608 [Worker-64] INFO  o.e.m.c.i.embedder.EclipseLogger - Using 'UTF-8' encoding to copy filtered resources.
2016-11-02 11:40:57,608 [Worker-64] INFO  o.e.m.c.i.embedder.EclipseLogger - skip non existing resourceDirectory /Users/guilhermemedeiros/Desenvolvimento/Projetos/git/HttpsAndJava/keystore/src/test/resources
2016-11-02 11:42:11,006 [Worker-66] INFO  o.e.m.c.i.l.LifecycleMappingFactory - Using org.eclipse.m2e.jdt.JarLifecycleMapping lifecycle mapping for MavenProject: com.keystore:keystore:0.0.1-SNAPSHOT @ /Users/guilhermemedeiros/Desenvolvimento/Projetos/git/HttpsAndJava/keystore/pom.xml.
2016-11-02 11:42:12,023 [Worker-66] INFO  o.e.m.c.i.e.AbstractTransferListenerAdapter - Downloading https://repo.maven.apache.org/maven2/org/apache/httpcomponents/httpclient/4.5.2/httpclient-4.5.2.pom
2016-11-02 11:42:12,170 [Worker-66] INFO  o.e.m.c.i.e.AbstractTransferListenerAdapter - Downloaded https://repo.maven.apache.org/maven2/org/apache/httpcomponents/httpclient/4.5.2/httpclient-4.5.2.pom
2016-11-02 11:42:12,309 [Worker-66] INFO  o.e.m.c.i.e.AbstractTransferListenerAdapter - Downloading https://repo.maven.apache.org/maven2/org/apache/httpcomponents/httpcomponents-client/4.5.2/httpcomponents-client-4.5.2.pom
2016-11-02 11:42:12,493 [Worker-66] INFO  o.e.m.c.i.e.AbstractTransferListenerAdapter - Downloaded https://repo.maven.apache.org/maven2/org/apache/httpcomponents/httpcomponents-client/4.5.2/httpcomponents-client-4.5.2.pom
2016-11-02 11:42:12,777 [Worker-66] INFO  o.e.m.c.i.e.AbstractTransferListenerAdapter - Downloading https://repo.maven.apache.org/maven2/org/apache/httpcomponents/httpcore/4.4.4/httpcore-4.4.4.pom
2016-11-02 11:42:12,928 [Worker-66] INFO  o.e.m.c.i.e.AbstractTransferListenerAdapter - Downloaded https://repo.maven.apache.org/maven2/org/apache/httpcomponents/httpcore/4.4.4/httpcore-4.4.4.pom
2016-11-02 11:42:13,067 [Worker-66] INFO  o.e.m.c.i.e.AbstractTransferListenerAdapter - Downloading https://repo.maven.apache.org/maven2/org/apache/httpcomponents/httpcomponents-core/4.4.4/httpcomponents-core-4.4.4.pom
2016-11-02 11:42:13,229 [Worker-66] INFO  o.e.m.c.i.e.AbstractTransferListenerAdapter - Downloaded https://repo.maven.apache.org/maven2/org/apache/httpcomponents/httpcomponents-core/4.4.4/httpcomponents-core-4.4.4.pom
2016-11-02 11:42:13,398 [Worker-66] INFO  o.e.m.c.i.e.AbstractTransferListenerAdapter - Downloading https://repo.maven.apache.org/maven2/commons-codec/commons-codec/1.9/commons-codec-1.9.pom
2016-11-02 11:42:13,571 [Worker-66] INFO  o.e.m.c.i.e.AbstractTransferListenerAdapter - Downloaded https://repo.maven.apache.org/maven2/commons-codec/commons-codec/1.9/commons-codec-1.9.pom
2016-11-02 11:42:13,708 [Worker-66] INFO  o.e.m.c.i.e.AbstractTransferListenerAdapter - Downloading https://repo.maven.apache.org/maven2/org/apache/commons/commons-parent/32/commons-parent-32.pom
2016-11-02 11:42:14,020 [Worker-66] INFO  o.e.m.c.i.e.AbstractTransferListenerAdapter - Downloaded https://repo.maven.apache.org/maven2/org/apache/commons/commons-parent/32/commons-parent-32.pom
2016-11-02 11:42:14,201 [Worker-66] INFO  o.e.m.c.i.e.AbstractTransferListenerAdapter - Downloading https://repo.maven.apache.org/maven2/org/apache/httpcomponents/httpclient/4.5.2/httpclient-4.5.2.jar
2016-11-02 11:42:14,964 [Worker-66] INFO  o.e.m.c.i.e.AbstractTransferListenerAdapter - Downloaded https://repo.maven.apache.org/maven2/org/apache/httpcomponents/httpclient/4.5.2/httpclient-4.5.2.jar
2016-11-02 11:42:15,109 [Worker-66] INFO  o.e.m.c.i.e.AbstractTransferListenerAdapter - Downloading https://repo.maven.apache.org/maven2/org/apache/httpcomponents/httpcore/4.4.4/httpcore-4.4.4.jar
2016-11-02 11:42:15,516 [Worker-66] INFO  o.e.m.c.i.e.AbstractTransferListenerAdapter - Downloaded https://repo.maven.apache.org/maven2/org/apache/httpcomponents/httpcore/4.4.4/httpcore-4.4.4.jar
2016-11-02 11:42:15,654 [Worker-66] INFO  o.e.m.c.i.e.AbstractTransferListenerAdapter - Downloading https://repo.maven.apache.org/maven2/commons-codec/commons-codec/1.9/commons-codec-1.9.jar
2016-11-02 11:42:15,923 [Worker-66] INFO  o.e.m.c.i.e.AbstractTransferListenerAdapter - Downloaded https://repo.maven.apache.org/maven2/commons-codec/commons-codec/1.9/commons-codec-1.9.jar
2016-11-02 11:42:16,195 [Worker-66] INFO  o.e.m.c.i.embedder.EclipseLogger - Using 'UTF-8' encoding to copy filtered resources.
2016-11-02 11:42:16,196 [Worker-66] INFO  o.e.m.c.i.embedder.EclipseLogger - skip non existing resourceDirectory /Users/guilhermemedeiros/Desenvolvimento/Projetos/git/HttpsAndJava/keystore/src/main/resources
2016-11-02 11:42:16,198 [Worker-66] INFO  o.e.m.c.i.embedder.EclipseLogger - Using 'UTF-8' encoding to copy filtered resources.
2016-11-02 11:42:16,198 [Worker-66] INFO  o.e.m.c.i.embedder.EclipseLogger - skip non existing resourceDirectory /Users/guilhermemedeiros/Desenvolvimento/Projetos/git/HttpsAndJava/keystore/src/test/resources
2016-11-02 11:42:17,597 [Worker-70] INFO  o.e.m.c.i.embedder.EclipseLogger - Using 'UTF-8' encoding to copy filtered resources.
2016-11-02 11:42:17,597 [Worker-70] INFO  o.e.m.c.i.embedder.EclipseLogger - skip non existing resourceDirectory /Users/guilhermemedeiros/Desenvolvimento/Projetos/git/HttpsAndJava/keystore/src/main/resources
2016-11-02 11:42:17,600 [Worker-70] INFO  o.e.m.c.i.embedder.EclipseLogger - Using 'UTF-8' encoding to copy filtered resources.
2016-11-02 11:42:17,600 [Worker-70] INFO  o.e.m.c.i.embedder.EclipseLogger - skip non existing resourceDirectory /Users/guilhermemedeiros/Desenvolvimento/Projetos/git/HttpsAndJava/keystore/src/test/resources
2016-11-02 11:45:21,619 [Worker-66] INFO  o.e.m.c.i.embedder.EclipseLogger - Using 'UTF-8' encoding to copy filtered resources.
2016-11-02 11:45:21,619 [Worker-66] INFO  o.e.m.c.i.embedder.EclipseLogger - skip non existing resourceDirectory /Users/guilhermemedeiros/Desenvolvimento/Projetos/git/HttpsAndJava/keystore/src/main/resources
2016-11-02 11:45:21,621 [Worker-66] INFO  o.e.m.c.i.embedder.EclipseLogger - Using 'UTF-8' encoding to copy filtered resources.
2016-11-02 11:45:21,621 [Worker-66] INFO  o.e.m.c.i.embedder.EclipseLogger - skip non existing resourceDirectory /Users/guilhermemedeiros/Desenvolvimento/Projetos/git/HttpsAndJava/keystore/src/test/resources
2016-11-02 11:45:31,609 [Worker-67] INFO  o.e.m.c.i.embedder.EclipseLogger - Using 'UTF-8' encoding to copy filtered resources.
2016-11-02 11:45:31,609 [Worker-67] INFO  o.e.m.c.i.embedder.EclipseLogger - skip non existing resourceDirectory /Users/guilhermemedeiros/Desenvolvimento/Projetos/git/HttpsAndJava/keystore/src/main/resources
2016-11-02 11:45:31,611 [Worker-67] INFO  o.e.m.c.i.embedder.EclipseLogger - Using 'UTF-8' encoding to copy filtered resources.
2016-11-02 11:45:31,611 [Worker-67] INFO  o.e.m.c.i.embedder.EclipseLogger - skip non existing resourceDirectory /Users/guilhermemedeiros/Desenvolvimento/Projetos/git/HttpsAndJava/keystore/src/test/resources
2016-11-02 11:45:39,222 [Worker-71] INFO  o.e.m.c.i.embedder.EclipseLogger - Using 'UTF-8' encoding to copy filtered resources.
2016-11-02 11:45:39,223 [Worker-71] INFO  o.e.m.c.i.embedder.EclipseLogger - skip non existing resourceDirectory /Users/guilhermemedeiros/Desenvolvimento/Projetos/git/HttpsAndJava/keystore/src/main/resources
2016-11-02 11:45:39,224 [Worker-71] INFO  o.e.m.c.i.embedder.EclipseLogger - Using 'UTF-8' encoding to copy filtered resources.
2016-11-02 11:45:39,225 [Worker-71] INFO  o.e.m.c.i.embedder.EclipseLogger - skip non existing resourceDirectory /Users/guilhermemedeiros/Desenvolvimento/Projetos/git/HttpsAndJava/keystore/src/test/resources
2016-11-02 11:45:53,780 [Worker-68] INFO  o.e.m.c.i.e.AbstractTransferListenerAdapter - Downloading https://repo.maven.apache.org/maven2/org/apache/httpcomponents/httpcore/4.4.4/httpcore-4.4.4-sources.jar
2016-11-02 11:45:54,589 [Worker-68] INFO  o.e.m.c.i.e.AbstractTransferListenerAdapter - Downloaded https://repo.maven.apache.org/maven2/org/apache/httpcomponents/httpcore/4.4.4/httpcore-4.4.4-sources.jar
2016-11-02 11:45:54,617 [Worker-68] INFO  o.e.m.j.internal.DownloadSourcesJob - Downloaded sources for org.apache.httpcomponents:httpcore:4.4.4
2016-11-02 11:45:54,779 [Worker-70] INFO  o.e.m.c.i.embedder.EclipseLogger - Using 'UTF-8' encoding to copy filtered resources.
2016-11-02 11:45:54,779 [Worker-70] INFO  o.e.m.c.i.embedder.EclipseLogger - skip non existing resourceDirectory /Users/guilhermemedeiros/Desenvolvimento/Projetos/git/HttpsAndJava/keystore/src/main/resources
2016-11-02 11:45:54,781 [Worker-70] INFO  o.e.m.c.i.embedder.EclipseLogger - Using 'UTF-8' encoding to copy filtered resources.
2016-11-02 11:45:54,783 [Worker-70] INFO  o.e.m.c.i.embedder.EclipseLogger - skip non existing resourceDirectory /Users/guilhermemedeiros/Desenvolvimento/Projetos/git/HttpsAndJava/keystore/src/test/resources
2016-11-02 11:46:20,731 [Worker-68] INFO  o.e.m.c.i.embedder.EclipseLogger - Using 'UTF-8' encoding to copy filtered resources.
2016-11-02 11:46:20,731 [Worker-68] INFO  o.e.m.c.i.embedder.EclipseLogger - skip non existing resourceDirectory /Users/guilhermemedeiros/Desenvolvimento/Projetos/git/HttpsAndJava/keystore/src/main/resources
2016-11-02 11:46:20,733 [Worker-68] INFO  o.e.m.c.i.embedder.EclipseLogger - Using 'UTF-8' encoding to copy filtered resources.
2016-11-02 11:46:20,733 [Worker-68] INFO  o.e.m.c.i.embedder.EclipseLogger - skip non existing resourceDirectory /Users/guilhermemedeiros/Desenvolvimento/Projetos/git/HttpsAndJava/keystore/src/test/resources
2016-11-02 11:46:51,639 [Worker-64] INFO  o.e.m.c.i.embedder.EclipseLogger - Using 'UTF-8' encoding to copy filtered resources.
2016-11-02 11:46:51,640 [Worker-64] INFO  o.e.m.c.i.embedder.EclipseLogger - skip non existing resourceDirectory /Users/guilhermemedeiros/Desenvolvimento/Projetos/git/HttpsAndJava/keystore/src/main/resources
2016-11-02 11:46:51,642 [Worker-64] INFO  o.e.m.c.i.embedder.EclipseLogger - Using 'UTF-8' encoding to copy filtered resources.
2016-11-02 11:46:51,642 [Worker-64] INFO  o.e.m.c.i.embedder.EclipseLogger - skip non existing resourceDirectory /Users/guilhermemedeiros/Desenvolvimento/Projetos/git/HttpsAndJava/keystore/src/test/resources
2016-11-02 11:46:57,246 [Worker-68] INFO  o.e.m.c.i.embedder.EclipseLogger - Using 'UTF-8' encoding to copy filtered resources.
2016-11-02 11:46:57,246 [Worker-68] INFO  o.e.m.c.i.embedder.EclipseLogger - skip non existing resourceDirectory /Users/guilhermemedeiros/Desenvolvimento/Projetos/git/HttpsAndJava/keystore/src/main/resources
2016-11-02 11:46:57,247 [Worker-68] INFO  o.e.m.c.i.embedder.EclipseLogger - Using 'UTF-8' encoding to copy filtered resources.
2016-11-02 11:46:57,248 [Worker-68] INFO  o.e.m.c.i.embedder.EclipseLogger - skip non existing resourceDirectory /Users/guilhermemedeiros/Desenvolvimento/Projetos/git/HttpsAndJava/keystore/src/test/resources
2016-11-02 11:47:11,682 [Worker-66] INFO  o.e.m.c.i.embedder.EclipseLogger - Using 'UTF-8' encoding to copy filtered resources.
2016-11-02 11:47:11,683 [Worker-66] INFO  o.e.m.c.i.embedder.EclipseLogger - skip non existing resourceDirectory /Users/guilhermemedeiros/Desenvolvimento/Projetos/git/HttpsAndJava/keystore/src/main/resources
2016-11-02 11:47:11,684 [Worker-66] INFO  o.e.m.c.i.embedder.EclipseLogger - Using 'UTF-8' encoding to copy filtered resources.
2016-11-02 11:47:11,684 [Worker-66] INFO  o.e.m.c.i.embedder.EclipseLogger - skip non existing resourceDirectory /Users/guilhermemedeiros/Desenvolvimento/Projetos/git/HttpsAndJava/keystore/src/test/resources
2016-11-02 11:49:59,295 [Worker-64] INFO  o.e.m.c.i.embedder.EclipseLogger - Using 'UTF-8' encoding to copy filtered resources.
2016-11-02 11:49:59,295 [Worker-64] INFO  o.e.m.c.i.embedder.EclipseLogger - skip non existing resourceDirectory /Users/guilhermemedeiros/Desenvolvimento/Projetos/git/HttpsAndJava/keystore/src/main/resources
2016-11-02 11:49:59,298 [Worker-64] INFO  o.e.m.c.i.embedder.EclipseLogger - Using 'UTF-8' encoding to copy filtered resources.
2016-11-02 11:49:59,300 [Worker-64] INFO  o.e.m.c.i.embedder.EclipseLogger - skip non existing resourceDirectory /Users/guilhermemedeiros/Desenvolvimento/Projetos/git/HttpsAndJava/keystore/src/test/resources
2016-11-02 11:50:05,224 [Worker-70] INFO  o.e.m.c.i.embedder.EclipseLogger - Using 'UTF-8' encoding to copy filtered resources.
2016-11-02 11:50:05,224 [Worker-70] INFO  o.e.m.c.i.embedder.EclipseLogger - skip non existing resourceDirectory /Users/guilhermemedeiros/Desenvolvimento/Projetos/git/HttpsAndJava/keystore/src/main/resources
2016-11-02 11:50:05,226 [Worker-70] INFO  o.e.m.c.i.embedder.EclipseLogger - Using 'UTF-8' encoding to copy filtered resources.
2016-11-02 11:50:05,226 [Worker-70] INFO  o.e.m.c.i.embedder.EclipseLogger - skip non existing resourceDirectory /Users/guilhermemedeiros/Desenvolvimento/Projetos/git/HttpsAndJava/keystore/src/test/resources
2016-11-02 11:50:27,571 [Worker-68] INFO  o.e.m.c.i.embedder.EclipseLogger - Using 'UTF-8' encoding to copy filtered resources.
2016-11-02 11:50:27,572 [Worker-68] INFO  o.e.m.c.i.embedder.EclipseLogger - skip non existing resourceDirectory /Users/guilhermemedeiros/Desenvolvimento/Projetos/git/HttpsAndJava/keystore/src/main/resources
2016-11-02 11:50:27,573 [Worker-68] INFO  o.e.m.c.i.embedder.EclipseLogger - Using 'UTF-8' encoding to copy filtered resources.
2016-11-02 11:50:27,574 [Worker-68] INFO  o.e.m.c.i.embedder.EclipseLogger - skip non existing resourceDirectory /Users/guilhermemedeiros/Desenvolvimento/Projetos/git/HttpsAndJava/keystore/src/test/resources
2016-11-02 12:09:06,215 [Worker-72] INFO  o.e.m.c.i.embedder.EclipseLogger - Using 'UTF-8' encoding to copy filtered resources.
2016-11-02 12:09:06,215 [Worker-72] INFO  o.e.m.c.i.embedder.EclipseLogger - skip non existing resourceDirectory /Users/guilhermemedeiros/Desenvolvimento/Projetos/git/HttpsAndJava/keystore/src/main/resources
2016-11-02 12:09:06,217 [Worker-72] INFO  o.e.m.c.i.embedder.EclipseLogger - Using 'UTF-8' encoding to copy filtered resources.
2016-11-02 12:09:06,217 [Worker-72] INFO  o.e.m.c.i.embedder.EclipseLogger - skip non existing resourceDirectory /Users/guilhermemedeiros/Desenvolvimento/Projetos/git/HttpsAndJava/keystore/src/test/resources
2016-11-02 12:33:26,536 [Worker-78] INFO  o.e.m.c.i.e.AbstractTransferListenerAdapter - Downloading https://repo.maven.apache.org/maven2/org/apache/httpcomponents/httpclient/4.5.2/httpclient-4.5.2-sources.jar
2016-11-02 12:33:27,519 [Worker-78] INFO  o.e.m.c.i.e.AbstractTransferListenerAdapter - Downloaded https://repo.maven.apache.org/maven2/org/apache/httpcomponents/httpclient/4.5.2/httpclient-4.5.2-sources.jar
2016-11-02 12:33:27,562 [Worker-78] INFO  o.e.m.j.internal.DownloadSourcesJob - Downloaded sources for org.apache.httpcomponents:httpclient:4.5.2
2016-11-02 12:33:27,800 [Worker-83] INFO  o.e.m.c.i.embedder.EclipseLogger - Using 'UTF-8' encoding to copy filtered resources.
2016-11-02 12:33:27,800 [Worker-83] INFO  o.e.m.c.i.embedder.EclipseLogger - skip non existing resourceDirectory /Users/guilhermemedeiros/Desenvolvimento/Projetos/git/HttpsAndJava/keystore/src/main/resources
2016-11-02 12:33:27,803 [Worker-83] INFO  o.e.m.c.i.embedder.EclipseLogger - Using 'UTF-8' encoding to copy filtered resources.
2016-11-02 12:33:27,804 [Worker-83] INFO  o.e.m.c.i.embedder.EclipseLogger - skip non existing resourceDirectory /Users/guilhermemedeiros/Desenvolvimento/Projetos/git/HttpsAndJava/keystore/src/test/resources
2016-11-02 12:40:24,095 [Worker-87] INFO  o.e.m.c.i.embedder.EclipseLogger - Using 'UTF-8' encoding to copy filtered resources.
2016-11-02 12:40:24,095 [Worker-87] INFO  o.e.m.c.i.embedder.EclipseLogger - skip non existing resourceDirectory /Users/guilhermemedeiros/Desenvolvimento/Projetos/git/HttpsAndJava/keystore/src/main/resources
2016-11-02 12:40:24,098 [Worker-87] INFO  o.e.m.c.i.embedder.EclipseLogger - Using 'UTF-8' encoding to copy filtered resources.
2016-11-02 12:40:24,098 [Worker-87] INFO  o.e.m.c.i.embedder.EclipseLogger - skip non existing resourceDirectory /Users/guilhermemedeiros/Desenvolvimento/Projetos/git/HttpsAndJava/keystore/src/test/resources
2016-11-02 12:40:46,555 [Worker-84] INFO  o.e.m.c.i.embedder.EclipseLogger - Using 'UTF-8' encoding to copy filtered resources.
2016-11-02 12:40:46,556 [Worker-84] INFO  o.e.m.c.i.embedder.EclipseLogger - skip non existing resourceDirectory /Users/guilhermemedeiros/Desenvolvimento/Projetos/git/HttpsAndJava/keystore/src/main/resources
2016-11-02 12:40:46,558 [Worker-84] INFO  o.e.m.c.i.embedder.EclipseLogger - Using 'UTF-8' encoding to copy filtered resources.
2016-11-02 12:40:46,558 [Worker-84] INFO  o.e.m.c.i.embedder.EclipseLogger - skip non existing resourceDirectory /Users/guilhermemedeiros/Desenvolvimento/Projetos/git/HttpsAndJava/keystore/src/test/resources
2016-11-02 12:40:54,816 [Worker-72] INFO  o.e.m.c.i.embedder.EclipseLogger - Using 'UTF-8' encoding to copy filtered resources.
2016-11-02 12:40:54,817 [Worker-72] INFO  o.e.m.c.i.embedder.EclipseLogger - skip non existing resourceDirectory /Users/guilhermemedeiros/Desenvolvimento/Projetos/git/HttpsAndJava/keystore/src/main/resources
2016-11-02 12:40:54,818 [Worker-72] INFO  o.e.m.c.i.embedder.EclipseLogger - Using 'UTF-8' encoding to copy filtered resources.
2016-11-02 12:40:54,819 [Worker-72] INFO  o.e.m.c.i.embedder.EclipseLogger - skip non existing resourceDirectory /Users/guilhermemedeiros/Desenvolvimento/Projetos/git/HttpsAndJava/keystore/src/test/resources
2016-11-02 12:40:58,992 [Worker-84] INFO  o.e.m.c.i.embedder.EclipseLogger - Using 'UTF-8' encoding to copy filtered resources.
2016-11-02 12:40:58,992 [Worker-84] INFO  o.e.m.c.i.embedder.EclipseLogger - skip non existing resourceDirectory /Users/guilhermemedeiros/Desenvolvimento/Projetos/git/HttpsAndJava/keystore/src/main/resources
2016-11-02 12:40:58,994 [Worker-84] INFO  o.e.m.c.i.embedder.EclipseLogger - Using 'UTF-8' encoding to copy filtered resources.
2016-11-02 12:40:58,994 [Worker-84] INFO  o.e.m.c.i.embedder.EclipseLogger - skip non existing resourceDirectory /Users/guilhermemedeiros/Desenvolvimento/Projetos/git/HttpsAndJava/keystore/src/test/resources
2016-11-02 12:41:18,199 [Worker-85] INFO  o.e.m.c.i.embedder.EclipseLogger - Using 'UTF-8' encoding to copy filtered resources.
2016-11-02 12:41:18,199 [Worker-85] INFO  o.e.m.c.i.embedder.EclipseLogger - skip non existing resourceDirectory /Users/guilhermemedeiros/Desenvolvimento/Projetos/git/HttpsAndJava/keystore/src/main/resources
2016-11-02 12:41:18,200 [Worker-85] INFO  o.e.m.c.i.embedder.EclipseLogger - Using 'UTF-8' encoding to copy filtered resources.
2016-11-02 12:41:18,200 [Worker-85] INFO  o.e.m.c.i.embedder.EclipseLogger - skip non existing resourceDirectory /Users/guilhermemedeiros/Desenvolvimento/Projetos/git/HttpsAndJava/keystore/src/test/resources
2016-11-02 12:41:33,551 [Worker-82] INFO  o.e.m.c.i.embedder.EclipseLogger - Using 'UTF-8' encoding to copy filtered resources.
2016-11-02 12:41:33,552 [Worker-82] INFO  o.e.m.c.i.embedder.EclipseLogger - skip non existing resourceDirectory /Users/guilhermemedeiros/Desenvolvimento/Projetos/git/HttpsAndJava/keystore/src/main/resources
2016-11-02 12:41:33,554 [Worker-82] INFO  o.e.m.c.i.embedder.EclipseLogger - Using 'UTF-8' encoding to copy filtered resources.
2016-11-02 12:41:33,555 [Worker-82] INFO  o.e.m.c.i.embedder.EclipseLogger - skip non existing resourceDirectory /Users/guilhermemedeiros/Desenvolvimento/Projetos/git/HttpsAndJava/keystore/src/test/resources
2016-11-02 12:41:54,143 [Worker-82] INFO  o.e.m.c.i.embedder.EclipseLogger - Using 'UTF-8' encoding to copy filtered resources.
2016-11-02 12:41:54,144 [Worker-82] INFO  o.e.m.c.i.embedder.EclipseLogger - skip non existing resourceDirectory /Users/guilhermemedeiros/Desenvolvimento/Projetos/git/HttpsAndJava/keystore/src/main/resources
2016-11-02 12:41:54,147 [Worker-82] INFO  o.e.m.c.i.embedder.EclipseLogger - Using 'UTF-8' encoding to copy filtered resources.
2016-11-02 12:41:54,147 [Worker-82] INFO  o.e.m.c.i.embedder.EclipseLogger - skip non existing resourceDirectory /Users/guilhermemedeiros/Desenvolvimento/Projetos/git/HttpsAndJava/keystore/src/test/resources
2016-11-02 12:42:31,300 [Worker-88] INFO  o.e.m.c.i.embedder.EclipseLogger - Using 'UTF-8' encoding to copy filtered resources.
2016-11-02 12:42:31,301 [Worker-88] INFO  o.e.m.c.i.embedder.EclipseLogger - skip non existing resourceDirectory /Users/guilhermemedeiros/Desenvolvimento/Projetos/git/HttpsAndJava/keystore/src/main/resources
2016-11-02 12:42:31,303 [Worker-88] INFO  o.e.m.c.i.embedder.EclipseLogger - Using 'UTF-8' encoding to copy filtered resources.
2016-11-02 12:42:31,303 [Worker-88] INFO  o.e.m.c.i.embedder.EclipseLogger - skip non existing resourceDirectory /Users/guilhermemedeiros/Desenvolvimento/Projetos/git/HttpsAndJava/keystore/src/test/resources
2016-11-02 12:44:57,524 [Worker-82] INFO  o.e.m.c.i.embedder.EclipseLogger - Using 'UTF-8' encoding to copy filtered resources.
2016-11-02 12:44:57,525 [Worker-82] INFO  o.e.m.c.i.embedder.EclipseLogger - skip non existing resourceDirectory /Users/guilhermemedeiros/Desenvolvimento/Projetos/git/HttpsAndJava/keystore/src/main/resources
2016-11-02 12:44:57,526 [Worker-82] INFO  o.e.m.c.i.embedder.EclipseLogger - Using 'UTF-8' encoding to copy filtered resources.
2016-11-02 12:44:57,526 [Worker-82] INFO  o.e.m.c.i.embedder.EclipseLogger - skip non existing resourceDirectory /Users/guilhermemedeiros/Desenvolvimento/Projetos/git/HttpsAndJava/keystore/src/test/resources
2016-11-02 12:47:45,064 [Worker-82] INFO  o.e.m.c.i.embedder.EclipseLogger - Using 'UTF-8' encoding to copy filtered resources.
2016-11-02 12:47:45,064 [Worker-82] INFO  o.e.m.c.i.embedder.EclipseLogger - skip non existing resourceDirectory /Users/guilhermemedeiros/Desenvolvimento/Projetos/git/HttpsAndJava/keystore/src/main/resources
2016-11-02 12:47:45,066 [Worker-82] INFO  o.e.m.c.i.embedder.EclipseLogger - Using 'UTF-8' encoding to copy filtered resources.
2016-11-02 12:47:45,066 [Worker-82] INFO  o.e.m.c.i.embedder.EclipseLogger - skip non existing resourceDirectory /Users/guilhermemedeiros/Desenvolvimento/Projetos/git/HttpsAndJava/keystore/src/test/resources
2016-11-02 12:47:59,819 [Worker-89] INFO  o.e.m.c.i.embedder.EclipseLogger - Using 'UTF-8' encoding to copy filtered resources.
2016-11-02 12:47:59,819 [Worker-89] INFO  o.e.m.c.i.embedder.EclipseLogger - skip non existing resourceDirectory /Users/guilhermemedeiros/Desenvolvimento/Projetos/git/HttpsAndJava/keystore/src/main/resources
2016-11-02 12:47:59,820 [Worker-89] INFO  o.e.m.c.i.embedder.EclipseLogger - Using 'UTF-8' encoding to copy filtered resources.
2016-11-02 12:47:59,821 [Worker-89] INFO  o.e.m.c.i.embedder.EclipseLogger - skip non existing resourceDirectory /Users/guilhermemedeiros/Desenvolvimento/Projetos/git/HttpsAndJava/keystore/src/test/resources
2016-11-02 12:48:57,924 [Worker-89] INFO  o.e.m.c.i.embedder.EclipseLogger - Using 'UTF-8' encoding to copy filtered resources.
2016-11-02 12:48:57,926 [Worker-89] INFO  o.e.m.c.i.embedder.EclipseLogger - skip non existing resourceDirectory /Users/guilhermemedeiros/Desenvolvimento/Projetos/git/HttpsAndJava/keystore/src/main/resources
2016-11-02 12:48:57,928 [Worker-89] INFO  o.e.m.c.i.embedder.EclipseLogger - Using 'UTF-8' encoding to copy filtered resources.
2016-11-02 12:48:57,928 [Worker-89] INFO  o.e.m.c.i.embedder.EclipseLogger - skip non existing resourceDirectory /Users/guilhermemedeiros/Desenvolvimento/Projetos/git/HttpsAndJava/keystore/src/test/resources
2016-11-02 12:49:05,140 [Worker-83] INFO  o.e.m.c.i.embedder.EclipseLogger - Using 'UTF-8' encoding to copy filtered resources.
2016-11-02 12:49:05,140 [Worker-83] INFO  o.e.m.c.i.embedder.EclipseLogger - skip non existing resourceDirectory /Users/guilhermemedeiros/Desenvolvimento/Projetos/git/HttpsAndJava/keystore/src/main/resources
2016-11-02 12:49:05,142 [Worker-83] INFO  o.e.m.c.i.embedder.EclipseLogger - Using 'UTF-8' encoding to copy filtered resources.
2016-11-02 12:49:05,142 [Worker-83] INFO  o.e.m.c.i.embedder.EclipseLogger - skip non existing resourceDirectory /Users/guilhermemedeiros/Desenvolvimento/Projetos/git/HttpsAndJava/keystore/src/test/resources
2016-11-02 12:49:41,413 [Worker-72] INFO  o.e.m.c.i.embedder.EclipseLogger - Using 'UTF-8' encoding to copy filtered resources.
2016-11-02 12:49:41,413 [Worker-72] INFO  o.e.m.c.i.embedder.EclipseLogger - skip non existing resourceDirectory /Users/guilhermemedeiros/Desenvolvimento/Projetos/git/HttpsAndJava/keystore/src/main/resources
2016-11-02 12:49:41,415 [Worker-72] INFO  o.e.m.c.i.embedder.EclipseLogger - Using 'UTF-8' encoding to copy filtered resources.
2016-11-02 12:49:41,415 [Worker-72] INFO  o.e.m.c.i.embedder.EclipseLogger - skip non existing resourceDirectory /Users/guilhermemedeiros/Desenvolvimento/Projetos/git/HttpsAndJava/keystore/src/test/resources
2016-11-02 12:50:08,780 [Worker-89] INFO  o.e.m.c.i.embedder.EclipseLogger - Using 'UTF-8' encoding to copy filtered resources.
2016-11-02 12:50:08,780 [Worker-89] INFO  o.e.m.c.i.embedder.EclipseLogger - skip non existing resourceDirectory /Users/guilhermemedeiros/Desenvolvimento/Projetos/git/HttpsAndJava/keystore/src/main/resources
2016-11-02 12:50:08,784 [Worker-89] INFO  o.e.m.c.i.embedder.EclipseLogger - Using 'UTF-8' encoding to copy filtered resources.
2016-11-02 12:50:08,784 [Worker-89] INFO  o.e.m.c.i.embedder.EclipseLogger - skip non existing resourceDirectory /Users/guilhermemedeiros/Desenvolvimento/Projetos/git/HttpsAndJava/keystore/src/test/resources
2016-11-02 12:50:40,855 [Worker-88] INFO  o.e.m.c.i.embedder.EclipseLogger - Using 'UTF-8' encoding to copy filtered resources.
2016-11-02 12:50:40,855 [Worker-88] INFO  o.e.m.c.i.embedder.EclipseLogger - skip non existing resourceDirectory /Users/guilhermemedeiros/Desenvolvimento/Projetos/git/HttpsAndJava/keystore/src/main/resources
2016-11-02 12:50:40,858 [Worker-88] INFO  o.e.m.c.i.embedder.EclipseLogger - Using 'UTF-8' encoding to copy filtered resources.
2016-11-02 12:50:40,858 [Worker-88] INFO  o.e.m.c.i.embedder.EclipseLogger - skip non existing resourceDirectory /Users/guilhermemedeiros/Desenvolvimento/Projetos/git/HttpsAndJava/keystore/src/test/resources
2016-11-02 12:51:04,924 [Worker-88] INFO  o.e.m.c.i.embedder.EclipseLogger - Using 'UTF-8' encoding to copy filtered resources.
2016-11-02 12:51:04,924 [Worker-88] INFO  o.e.m.c.i.embedder.EclipseLogger - skip non existing resourceDirectory /Users/guilhermemedeiros/Desenvolvimento/Projetos/git/HttpsAndJava/keystore/src/main/resources
2016-11-02 12:51:04,925 [Worker-88] INFO  o.e.m.c.i.embedder.EclipseLogger - Using 'UTF-8' encoding to copy filtered resources.
2016-11-02 12:51:04,925 [Worker-88] INFO  o.e.m.c.i.embedder.EclipseLogger - skip non existing resourceDirectory /Users/guilhermemedeiros/Desenvolvimento/Projetos/git/HttpsAndJava/keystore/src/test/resources
2016-11-02 12:51:40,625 [Worker-85] INFO  o.e.m.c.i.l.LifecycleMappingFactory - Using org.eclipse.m2e.jdt.JarLifecycleMapping lifecycle mapping for MavenProject: com.keystore:keystore:0.0.1-SNAPSHOT @ /Users/guilhermemedeiros/Desenvolvimento/Projetos/git/HttpsAndJava/HttpsUriJava/pom.xml.
2016-11-02 12:51:40,821 [Worker-85] INFO  o.e.m.c.i.embedder.EclipseLogger - Using 'UTF-8' encoding to copy filtered resources.
2016-11-02 12:51:40,821 [Worker-85] INFO  o.e.m.c.i.embedder.EclipseLogger - skip non existing resourceDirectory /Users/guilhermemedeiros/Desenvolvimento/Projetos/git/HttpsAndJava/HttpsUriJava/src/main/resources
2016-11-02 12:51:40,822 [Worker-85] INFO  o.e.m.c.i.embedder.EclipseLogger - Using 'UTF-8' encoding to copy filtered resources.
2016-11-02 12:51:40,822 [Worker-85] INFO  o.e.m.c.i.embedder.EclipseLogger - skip non existing resourceDirectory /Users/guilhermemedeiros/Desenvolvimento/Projetos/git/HttpsAndJava/HttpsUriJava/src/test/resources
2016-11-02 12:51:41,965 [Worker-87] INFO  o.e.m.c.i.embedder.EclipseLogger - Using 'UTF-8' encoding to copy filtered resources.
2016-11-02 12:51:41,966 [Worker-87] INFO  o.e.m.c.i.embedder.EclipseLogger - skip non existing resourceDirectory /Users/guilhermemedeiros/Desenvolvimento/Projetos/git/HttpsAndJava/HttpsUriJava/src/main/resources
2016-11-02 12:51:41,967 [Worker-87] INFO  o.e.m.c.i.embedder.EclipseLogger - Using 'UTF-8' encoding to copy filtered resources.
2016-11-02 12:51:41,967 [Worker-87] INFO  o.e.m.c.i.embedder.EclipseLogger - skip non existing resourceDirectory /Users/guilhermemedeiros/Desenvolvimento/Projetos/git/HttpsAndJava/HttpsUriJava/src/test/resources
